7/6/2021, 3:01:18 PM - INFO - Server is running on port: 3030 
7/6/2021, 3:25:32 PM - INFO - Server is running on port: 3030 
7/6/2021, 3:25:52 PM - INFO - Server is running on port: 3030 
7/6/2021, 3:27:38 PM - DEBUG - auth.service - login with username: HarelHa (sid: 7B337fGvNfDyMxj1-a2sDYdjTAUV12Np)
7/6/2021, 4:53:30 PM - DEBUG - auth.service - login with username: TamirM (sid: 7B337fGvNfDyMxj1-a2sDYdjTAUV12Np)
7/6/2021, 4:54:48 PM - DEBUG - auth.service - login with username: TamirM (sid: 7B337fGvNfDyMxj1-a2sDYdjTAUV12Np)
7/6/2021, 4:58:57 PM - DEBUG - auth.service - login with username: HarelHa (sid: 7B337fGvNfDyMxj1-a2sDYdjTAUV12Np)
7/6/2021, 5:14:03 PM - INFO - Server is running on port: 3030 
7/6/2021, 5:32:28 PM - DEBUG - auth.service - login with username: TamirM (sid: YwEyJzJsioUMMZR7t1ZKSdvmBjeTvTYD)
7/7/2021, 6:58:39 PM - INFO - Server is running on port: 3030 
7/8/2021, 1:34:15 AM - INFO - Server is running on port: 3030 
7/8/2021, 2:19:20 AM - INFO - Server is running on port: 3030 
7/8/2021, 3:39:06 AM - INFO - Server is running on port: 3030 
7/8/2021, 3:39:31 AM - INFO - Server is running on port: 3030 
7/8/2021, 3:40:11 AM - INFO - Server is running on port: 3030 
7/8/2021, 3:52:37 AM - INFO - Server is running on port: 3030 
7/8/2021, 3:53:04 AM - INFO - Server is running on port: 3030 
7/8/2021, 3:54:53 AM - INFO - Server is running on port: 3030 
7/8/2021, 3:56:24 AM - INFO - Server is running on port: 3030 
7/8/2021, 3:57:41 AM - INFO - Server is running on port: 3030 
7/8/2021, 4:00:09 AM - INFO - Server is running on port: 3030 
7/8/2021, 4:02:45 AM - INFO - Server is running on port: 3030 
7/8/2021, 4:03:17 AM - INFO - Server is running on port: 3030 
7/8/2021, 4:03:41 AM - INFO - Server is running on port: 3030 
7/8/2021, 4:05:32 AM - INFO - Server is running on port: 3030 
7/8/2021, 4:40:53 AM - INFO - Server is running on port: 3030 
7/8/2021, 4:41:05 AM - INFO - Server is running on port: 3030 
7/8/2021, 1:40:41 PM - INFO - Server is running on port: 3030 
7/8/2021, 1:40:49 PM - INFO - Server is running on port: 3030 
7/8/2021, 2:36:04 PM - INFO - Server is running on port: 3030 
7/8/2021, 2:36:56 PM - INFO - Server is running on port: 3030 
7/8/2021, 2:38:44 PM - INFO - Server is running on port: 3030 
7/8/2021, 2:40:36 PM - INFO - Server is running on port: 3030 
7/8/2021, 2:48:20 PM - INFO - Server is running on port: 3030 
7/8/2021, 2:51:48 PM - INFO - Server is running on port: 3030 
7/8/2021, 3:14:09 PM - INFO - Server is running on port: 3030 
7/13/2021, 1:56:31 AM - INFO - Server is running on port: 3030 
7/13/2021, 2:25:55 AM - INFO - Server is running on port: 3030 
7/13/2021, 2:26:27 AM - INFO - Server is running on port: 3030 
7/13/2021, 2:58:09 AM - INFO - Server is running on port: 3030 
7/13/2021, 2:58:22 AM - INFO - Server is running on port: 3030 
7/13/2021, 2:58:44 AM - INFO - Server is running on port: 3030 
7/13/2021, 3:00:22 AM - INFO - Server is running on port: 3030 
7/13/2021, 3:04:37 AM - INFO - Server is running on port: 3030 
7/13/2021, 3:14:14 AM - INFO - Server is running on port: 3030 
7/13/2021, 3:14:29 AM - INFO - Server is running on port: 3030 
7/13/2021, 11:39:48 AM - INFO - Server is running on port: 3030 
7/13/2021, 11:39:55 AM - INFO - Server is running on port: 3030 
7/13/2021, 11:40:03 AM - INFO - Server is running on port: 3030 
7/13/2021, 11:40:08 AM - INFO - Server is running on port: 3030 
7/13/2021, 11:40:39 AM - INFO - Server is running on port: 3030 
7/13/2021, 11:41:42 AM - INFO - Server is running on port: 3030 
7/13/2021, 2:03:18 PM - INFO - Server is running on port: 3030 
7/13/2021, 2:04:16 PM - INFO - Server is running on port: 3030 
7/13/2021, 2:05:26 PM - INFO - Server is running on port: 3030 
7/13/2021, 2:05:34 PM - INFO - Server is running on port: 3030 
7/14/2021, 8:03:05 AM - INFO - Server is running on port: 3030 
7/14/2021, 2:21:11 PM - INFO - Server is running on port: 3030 
7/15/2021, 12:40:22 AM - INFO - Server is running on port: 3030 
7/15/2021, 12:55:24 AM - INFO - Server is running on port: 3030 
7/15/2021, 12:56:20 AM - INFO - Server is running on port: 3030 
7/15/2021, 12:59:12 AM - INFO - Server is running on port: 3030 
7/15/2021, 10:09:15 AM - INFO - Server is running on port: 3030 
7/15/2021, 10:11:30 AM - INFO - Server is running on port: 3030 
7/15/2021, 10:14:07 AM - INFO - Server is running on port: 3030 
7/15/2021, 11:32:53 AM - INFO - Server is running on port: 3030 
7/15/2021, 11:39:48 AM - INFO - Server is running on port: 3030 
7/15/2021, 11:39:50 AM - INFO - Server is running on port: 3030 
7/15/2021, 11:40:07 AM - INFO - Server is running on port: 3030 
7/15/2021, 11:41:54 AM - INFO - Server is running on port: 3030 
7/15/2021, 11:45:14 AM - INFO - Server is running on port: 3030 
